
> dev
> nodemon --verbose ./src/api.ts

[33m[nodemon] 2.0.22[39m
[33m[nodemon] reading config .\package.json[39m
[33m[nodemon] to restart at any time, enter `rs`[39m
[33m[nodemon] or send SIGHUP to 27908 to restart[39m
[33m[nodemon] ignoring: ./src/pages ./src/pages/**/* ./src/pages/init.ts[39m
[33m[nodemon] watching path(s): *.*[39m
[33m[nodemon] watching extensions: ts,json[39m
[32m[nodemon] starting `ts-node ./src/api.ts`[39m
[33m[nodemon] spawning[39m
[33m[nodemon] child pid: 27844[39m
[33m[nodemon] exiting[39m
node:events:491
      throw er; // Unhandled 'error' event
      ^

Error: EBADF: bad file descriptor, read
Emitted 'error' event on ReadStream instance at:
    at emitErrorNT (node:internal/streams/destroy:151:8)
    at errorOrDestroy (node:internal/streams/destroy:214:7)
    at node:internal/fs/streams:258:9
    at FSReqCallback.wrapper [as oncomplete] (node:fs:681:5) {
  errno: -4083,
  code: 'EBADF',
  syscall: 'read'
}

Node.js v18.14.2
